[2023-05-19 18:54:19] Текст ошибки: Undefined variable $zapros1337 | Файл: C:\OSPanel\domains\spacenotes-framework.loc\public\index.php | Строка: 12
======
[2023-05-22 18:54:22] Текст ошибки: Undefined variable $zapros1337 | Файл: C:\OSPanel\domains\spacenotes-framework.loc\public\index.php | Строка: 12
======
[2023-05-51 18:54:51] Текст ошибки: Ошибка возникла | Файл: C:\OSPanel\domains\spacenotes-framework.loc\public\index.php | Строка: 11
======
[2023-05-47 18:55:47] Текст ошибки: Ошибка возникла | Файл: C:\OSPanel\domains\spacenotes-framework.loc\public\index.php | Строка: 11
======
[2023-05-50 18:56:50] Текст ошибки: Ошибка возникла | Файл: C:\OSPanel\domains\spacenotes-framework.loc\public\index.php | Строка: 11
======
[2023-05-13 18:57:13] Текст ошибки: Ошибка возникла | Файл: C:\OSPanel\domains\spacenotes-framework.loc\public\index.php | Строка: 11
======
[2023-05-14 18:57:14] Текст ошибки: Ошибка возникла | Файл: C:\OSPanel\domains\spacenotes-framework.loc\public\index.php | Строка: 11
======
[2023-05-14 18:57:14] Текст ошибки: Ошибка возникла | Файл: C:\OSPanel\domains\spacenotes-framework.loc\public\index.php | Строка: 11
======
[2023-05-18 18:57:18] Текст ошибки: Ошибка возникла | Файл: C:\OSPanel\domains\spacenotes-framework.loc\public\index.php | Строка: 11
======
[2023-05-46 18:58:46] Текст ошибки: Ошибка возникла | Файл: C:\OSPanel\domains\spacenotes-framework.loc\public\index.php | Строка: 11
======
[2023-05-49 18:58:49] Текст ошибки: Ошибка возникла | Файл: C:\OSPanel\domains\spacenotes-framework.loc\public\index.php | Строка: 11
======
[2023-05-41 21:45:41] Текст ошибки: SNFW\Router::matchRoute(): Return value must be of type bool, none returned | Файл: C:\OSPanel\domains\spacenotes-framework.loc\vendor\snfw\Router.php | Строка: 41
======
[2023-05-34 22:19:34] Текст ошибки: Undefined array key "admin_prefix" | Файл: C:\OSPanel\domains\spacenotes-framework.loc\vendor\snfw\Router.php | Строка: 29
======
[2023-05-35 22:20:35] Текст ошибки: Undefined array key "admin_prefix" | Файл: C:\OSPanel\domains\spacenotes-framework.loc\vendor\snfw\Router.php | Строка: 29
======
[2023-05-36 22:20:36] Текст ошибки: Undefined array key "admin_prefix" | Файл: C:\OSPanel\domains\spacenotes-framework.loc\vendor\snfw\Router.php | Строка: 29
======
[2023-05-25 22:24:25] Текст ошибки: Undefined array key "admin_prefix" | Файл: C:\OSPanel\domains\spacenotes-framework.loc\vendor\snfw\Router.php | Строка: 29
======
[2023-05-14 22:25:14] Текст ошибки: Undefined array key "admin_prefix" | Файл: C:\OSPanel\domains\spacenotes-framework.loc\vendor\snfw\Router.php | Строка: 29
======
[2023-05-25 22:33:25] Текст ошибки: Контроллер app\controllers\PageController не найден | Файл: C:\OSPanel\domains\spacenotes-framework.loc\vendor\snfw\Router.php | Строка: 38
======
[2023-05-38 22:33:38] Текст ошибки: Контроллер app\controllers\MainController не найден | Файл: C:\OSPanel\domains\spacenotes-framework.loc\vendor\snfw\Router.php | Строка: 38
======
[2023-05-38 22:33:38] Текст ошибки: Контроллер app\controllers\MainController не найден | Файл: C:\OSPanel\domains\spacenotes-framework.loc\vendor\snfw\Router.php | Строка: 38
======
[2023-05-38 22:34:38] Текст ошибки: Контроллер app\controllers\MainController не найден | Файл: C:\OSPanel\domains\spacenotes-framework.loc\vendor\snfw\Router.php | Строка: 38
======
[2023-05-10 22:35:10] Текст ошибки: Контроллер app\controllers\MainController не найден | Файл: C:\OSPanel\domains\spacenotes-framework.loc\vendor\snfw\Router.php | Строка: 38
======
[2023-05-11 22:35:11] Текст ошибки: Контроллер app\controllers\MainController не найден | Файл: C:\OSPanel\domains\spacenotes-framework.loc\vendor\snfw\Router.php | Строка: 38
======
[2023-05-09 22:37:09] Текст ошибки: Контроллер app\controllers\MainController не найден | Файл: C:\OSPanel\domains\spacenotes-framework.loc\vendor\snfw\Router.php | Строка: 38
======
[2023-05-10 22:37:10] Текст ошибки: Контроллер app\controllers\MainController не найден | Файл: C:\OSPanel\domains\spacenotes-framework.loc\vendor\snfw\Router.php | Строка: 38
======
[2023-05-12 22:38:12] Текст ошибки: Контроллер app\controllers\MainController не найден | Файл: C:\OSPanel\domains\spacenotes-framework.loc\vendor\snfw\Router.php | Строка: 38
======
[2023-05-13 22:38:13] Текст ошибки: Контроллер app\controllers\MainController не найден | Файл: C:\OSPanel\domains\spacenotes-framework.loc\vendor\snfw\Router.php | Строка: 38
======
[2023-05-13 22:39:13] Текст ошибки: Контроллер app\controllers\MainController не найден | Файл: C:\OSPanel\domains\spacenotes-framework.loc\vendor\snfw\Router.php | Строка: 38
======
[2023-05-14 22:39:14] Текст ошибки: Контроллер app\controllers\MainController не найден | Файл: C:\OSPanel\domains\spacenotes-framework.loc\vendor\snfw\Router.php | Строка: 38
======
[2023-05-05 22:40:05] Текст ошибки: Контроллер app\controllers\MainController не найден | Файл: C:\OSPanel\domains\spacenotes-framework.loc\vendor\snfw\Router.php | Строка: 38
======
[2023-05-51 22:40:51] Текст ошибки: Контроллер app\controllers\MainController не найден | Файл: C:\OSPanel\domains\spacenotes-framework.loc\vendor\snfw\Router.php | Строка: 39
======
[2023-05-36 22:43:36] Текст ошибки: Контроллер App\controllers\PageController не найден | Файл: C:\OSPanel\domains\spacenotes-framework.loc\vendor\snfw\Router.php | Строка: 38
======
[2023-05-08 22:44:08] Текст ошибки: Метод App\controllers\PageController::viewAction не найден | Файл: C:\OSPanel\domains\spacenotes-framework.loc\vendor\snfw\Router.php | Строка: 35
======
[2023-05-52 22:44:52] Текст ошибки: Контроллер App\controllers\admin\MainController не найден | Файл: C:\OSPanel\domains\spacenotes-framework.loc\vendor\snfw\Router.php | Строка: 38
======
[2023-05-53 22:44:53] Текст ошибки: Контроллер App\controllers\admin\MainController не найден | Файл: C:\OSPanel\domains\spacenotes-framework.loc\vendor\snfw\Router.php | Строка: 38
======
